<?xml version="1.0" encoding="UTF-8"?>
<testsuite name="bigfight.combat.CombatEachWeaponTest" tests="4" skipped="0" failures="0" errors="0" timestamp="2020-07-16T09:37:46" hostname="LAPTOP-4LQP2O2E" time="0.029">
  <properties/>
  <testcase name="test_judge_pencil_unescapable()" classname="bigfight.combat.CombatEachWeaponTest" time="0.009"/>
  <testcase name="test_death_scythe_unescapable()" classname="bigfight.combat.CombatEachWeaponTest" time="0.008"/>
  <testcase name="test_gas_hammer_ignore_one_round()" classname="bigfight.combat.CombatEachWeaponTest" time="0.006"/>
  <testcase name="test_trident_rest_one_round()" classname="bigfight.combat.CombatEachWeaponTest" time="0.005"/>
  <system-out><![CDATA[]]></system-out>
  <system-err><![CDATA[]]></system-err>
</testsuite>
